<?xml version="1.0" encoding="UTF-8"?>
<!-- Generated by org.testng.reporters.JUnitXMLReporter -->
<testsuite hostname="gd-mac-mini.local" ignored="0" name="CreateProjectTest" tests="3" failures="0" timestamp="13 Nov 2018 09:38:59 GMT" time="735.019" errors="0">
  <testcase name="addviewPermissions" time="264.34" classname="com.tripod.qa.tests.CreateProjectTest"/>
  <testcase name="addEditPermissions" time="263.374" classname="com.tripod.qa.tests.CreateProjectTest"/>
  <testcase name="addNoPermissions" time="207.263" classname="com.tripod.qa.tests.CreateProjectTest"/>
</testsuite> <!-- CreateProjectTest -->
