<?xml version="1.0" encoding="UTF-8"?>
<!-- Generated by org.testng.reporters.JUnitXMLReporter -->
<testsuite hostname="gd-mac-mini.local" ignored="2" name="DeleteOrganisationTest" tests="1" failures="0" timestamp="13 Nov 2018 09:44:31 GMT" time="139.494" errors="0">
  <testcase name="deleteOrganisaton" time="139.458" classname="com.tripod.qa.tests.DeleteOrganisationTest"/>
  <testcase name="@BeforeSuite setUp" time="0.0" classname="com.tripod.qa.tests.InitializeDriver">
    <ignored/>
  </testcase> <!-- @BeforeSuite setUp -->
  <testcase name="@AfterSuite tearDown" time="0.0" classname="com.tripod.qa.tests.InitializeDriver">
    <ignored/>
  </testcase> <!-- @AfterSuite tearDown -->
</testsuite> <!-- DeleteOrganisationTest -->
