<?xml version="1.0" encoding="UTF-8"?>
<!-- Generated by org.testng.reporters.JUnitXMLReporter -->
<testsuite hostname="gd-mac-mini.local" ignored="0" name="DeleteEnvironmentandAppTest" tests="2" failures="0" timestamp="13 Nov 2018 09:41:43 GMT" time="164.008" errors="0">
  <testcase name="deleteEnvironmentAndroid" time="82.616" classname="com.tripod.qa.tests.DeleteEnvironmentandAppTest"/>
  <testcase name="deleteAppAndroid" time="71.255" classname="com.tripod.qa.tests.DeleteEnvironmentandAppTest"/>
</testsuite> <!-- DeleteEnvironmentandAppTest -->
