<?xml version="1.0" encoding="UTF-8"?>
<!-- Generated by org.testng.reporters.JUnitXMLReporter -->
<testsuite hostname="gd-mac-mini.local" ignored="0" name="LoginTest" tests="4" failures="0" timestamp="13 Nov 2018 09:26:10 GMT" time="17.536" errors="0">
  <testcase name="doLoginWithInvalidEmail" time="0.624" classname="com.tripod.qa.tests.LoginTest"/>
  <testcase name="doLoginWithInvalidPassword" time="5.479" classname="com.tripod.qa.tests.LoginTest"/>
  <testcase name="doLoginWithInvalidCredintials" time="0.33" classname="com.tripod.qa.tests.LoginTest"/>
  <testcase name="doLogin" time="0.977" classname="com.tripod.qa.tests.LoginTest"/>
</testsuite> <!-- LoginTest -->
