<?xml version="1.0" encoding="UTF-8"?>
<!-- Generated by org.testng.reporters.JUnitXMLReporter -->
<testsuite hostname="GDMacMini.local" ignored="0" name="scenario 2" tests="4" failures="0" timestamp="25 Sep 2018 04:13:42 GMT" time="19.378" errors="0">
  <testcase name="doLoginWithInvalidEmail" time="1.064" classname="com.tripod.qa.tests.LoginTest"/>
  <testcase name="doLoginWithInvalidPassword" time="4.424" classname="com.tripod.qa.tests.LoginTest"/>
  <testcase name="doLoginWithInvalidCredintials" time="0.456" classname="com.tripod.qa.tests.LoginTest"/>
  <testcase name="doLogin" time="1.942" classname="com.tripod.qa.tests.LoginTest"/>
</testsuite> <!-- scenario 2 -->
