<?xml version="1.0" encoding="UTF-8"?>
<!-- Generated by org.testng.reporters.JUnitXMLReporter -->
<testsuite hostname="GDMacMini.local" ignored="0" name="scenario 10" tests="1" failures="1" timestamp="26 Sep 2018 07:35:23 GMT" time="4.127" errors="0">
  <testcase name="verifyVideo" time="4.125" classname="com.tripod.qa.tests.VideosTest">
    <failure type="java.lang.NullPointerException">
      <![CDATA[java.lang.NullPointerException
	at com.tripod.qa.pages.Videos.loginUser(Videos.java:66)
	at com.tripod.qa.tests.VideosTest.verifyVideo(VideosTest.java:17)
... Removed 29 stack frames]]>
    </failure>
  </testcase> <!-- verifyVideo -->
</testsuite> <!-- scenario 10 -->
